2022-04-09 17:30:06 [WARN ] com.zaxxer.hikari.pool.HikariPool - HikariPool-1 - Thread starvation or clock leap detected (housekeeper delta=19h14m23s490ms755µs100ns).
2022-04-09 17:30:06 [DEBUG] com.zaxxer.hikari.pool.HikariPool - HikariPool-1 - Pool stats (total=10, active=0, idle=10, waiting=0)
2022-04-09 17:30:06 [DEBUG] com.zaxxer.hikari.pool.HikariPool - HikariPool-1 - Fill pool skipped, pool is at sufficient level.
2022-04-09 17:30:06 [DEBUG] com.zaxxer.hikari.pool.HikariPool - HikariPool-1 - Add connection elided, waiting 0, queue 1
2022-04-09 17:30:06 [DEBUG] com.zaxxer.hikari.pool.PoolBase - HikariPool-1 - Closing connection net.sf.log4jdbc.sql.jdbcapi.ConnectionSpy@79c61861: (connection has passed maxLifetime)
2022-04-09 17:30:06 [DEBUG] com.zaxxer.hikari.pool.HikariPool - HikariPool-1 - Add connection elided, waiting 0, queue 1
2022-04-09 17:30:06 [DEBUG] com.zaxxer.hikari.pool.HikariPool - HikariPool-1 - Add connection elided, waiting 0, queue 1
2022-04-09 17:30:06 [DEBUG] com.zaxxer.hikari.pool.HikariPool - HikariPool-1 - Add connection elided, waiting 0, queue 1
2022-04-09 17:30:06 [DEBUG] com.zaxxer.hikari.pool.HikariPool - HikariPool-1 - Add connection elided, waiting 0, queue 1
2022-04-09 17:30:06 [DEBUG] com.zaxxer.hikari.pool.HikariPool - HikariPool-1 - Add connection elided, waiting 0, queue 1
2022-04-09 17:30:06 [DEBUG] com.zaxxer.hikari.pool.HikariPool - HikariPool-1 - Add connection elided, waiting 0, queue 1
2022-04-09 17:30:06 [DEBUG] com.zaxxer.hikari.pool.HikariPool - HikariPool-1 - Add connection elided, waiting 0, queue 1
2022-04-09 17:30:06 [DEBUG] com.zaxxer.hikari.pool.PoolBase - HikariPool-1 - Closing connection net.sf.log4jdbc.sql.jdbcapi.ConnectionSpy@5750a812: (connection has passed maxLifetime)
2022-04-09 17:30:06 [DEBUG] com.zaxxer.hikari.pool.HikariPool - HikariPool-1 - Fill pool skipped, pool is at sufficient level.
2022-04-09 17:30:06 [DEBUG] com.zaxxer.hikari.pool.PoolBase - HikariPool-1 - Closing connection net.sf.log4jdbc.sql.jdbcapi.ConnectionSpy@1a7cf33f: (connection has passed maxLifetime)
2022-04-09 17:30:06 [DEBUG] com.zaxxer.hikari.pool.HikariPool - HikariPool-1 - Fill pool skipped, pool is at sufficient level.
2022-04-09 17:30:06 [DEBUG] com.zaxxer.hikari.pool.PoolBase - HikariPool-1 - Closing connection net.sf.log4jdbc.sql.jdbcapi.ConnectionSpy@5323c85b: (connection has passed maxLifetime)
2022-04-09 17:30:06 [DEBUG] com.zaxxer.hikari.pool.HikariPool - HikariPool-1 - Fill pool skipped, pool is at sufficient level.
2022-04-09 17:30:06 [DEBUG] com.zaxxer.hikari.pool.PoolBase - HikariPool-1 - Closing connection net.sf.log4jdbc.sql.jdbcapi.ConnectionSpy@7e1df6eb: (connection has passed maxLifetime)
2022-04-09 17:30:06 [DEBUG] com.zaxxer.hikari.pool.HikariPool - HikariPool-1 - Fill pool skipped, pool is at sufficient level.
2022-04-09 17:30:06 [DEBUG] com.zaxxer.hikari.pool.PoolBase - HikariPool-1 - Closing connection net.sf.log4jdbc.sql.jdbcapi.ConnectionSpy@43bf5518: (connection has passed maxLifetime)
2022-04-09 17:30:06 [DEBUG] com.zaxxer.hikari.pool.HikariPool - HikariPool-1 - Fill pool skipped, pool is at sufficient level.
2022-04-09 17:30:06 [DEBUG] com.zaxxer.hikari.pool.PoolBase - HikariPool-1 - Closing connection net.sf.log4jdbc.sql.jdbcapi.ConnectionSpy@53054203: (connection has passed maxLifetime)
2022-04-09 17:30:06 [DEBUG] com.zaxxer.hikari.pool.HikariPool - HikariPool-1 - Fill pool skipped, pool is at sufficient level.
2022-04-09 17:30:06 [DEBUG] com.zaxxer.hikari.pool.PoolBase - HikariPool-1 - Closing connection net.sf.log4jdbc.sql.jdbcapi.ConnectionSpy@4f29ea16: (connection has passed maxLifetime)
2022-04-09 17:30:06 [DEBUG] com.zaxxer.hikari.pool.HikariPool - HikariPool-1 - Fill pool skipped, pool is at sufficient level.
2022-04-09 17:30:06 [DEBUG] com.zaxxer.hikari.pool.PoolBase - HikariPool-1 - Closing connection net.sf.log4jdbc.sql.jdbcapi.ConnectionSpy@1e3209a4: (connection has passed maxLifetime)
2022-04-09 17:30:06 [DEBUG] com.zaxxer.hikari.pool.HikariPool - HikariPool-1 - Fill pool skipped, pool is at sufficient level.
2022-04-09 17:30:06 [DEBUG] com.zaxxer.hikari.pool.PoolBase - HikariPool-1 - Closing connection net.sf.log4jdbc.sql.jdbcapi.ConnectionSpy@3f20fcd0: (connection has passed maxLifetime)
2022-04-09 17:30:06 [DEBUG] com.zaxxer.hikari.pool.HikariPool - HikariPool-1 - Fill pool skipped, pool is at sufficient level.
2022-04-09 17:30:06 [DEBUG] com.zaxxer.hikari.pool.HikariPool - HikariPool-1 - Added connection net.sf.log4jdbc.sql.jdbcapi.ConnectionSpy@1d1cd40c
2022-04-09 17:30:06 [DEBUG] com.zaxxer.hikari.pool.HikariPool - HikariPool-1 - Added connection net.sf.log4jdbc.sql.jdbcapi.ConnectionSpy@5c21de37
2022-04-09 17:30:06 [DEBUG] com.zaxxer.hikari.pool.HikariPool - HikariPool-1 - Added connection net.sf.log4jdbc.sql.jdbcapi.ConnectionSpy@6d37c4c2
2022-04-09 17:30:06 [DEBUG] com.zaxxer.hikari.pool.HikariPool - HikariPool-1 - Added connection net.sf.log4jdbc.sql.jdbcapi.ConnectionSpy@3c0e2178
2022-04-09 17:30:06 [DEBUG] com.zaxxer.hikari.pool.HikariPool - HikariPool-1 - Added connection net.sf.log4jdbc.sql.jdbcapi.ConnectionSpy@7fd99da6
2022-04-09 17:30:06 [DEBUG] com.zaxxer.hikari.pool.HikariPool - HikariPool-1 - Added connection net.sf.log4jdbc.sql.jdbcapi.ConnectionSpy@3840f9c7
2022-04-09 17:30:06 [DEBUG] com.zaxxer.hikari.pool.HikariPool - HikariPool-1 - Added connection net.sf.log4jdbc.sql.jdbcapi.ConnectionSpy@7d43497a
2022-04-09 17:30:06 [DEBUG] com.zaxxer.hikari.pool.HikariPool - HikariPool-1 - Added connection net.sf.log4jdbc.sql.jdbcapi.ConnectionSpy@77d0fc4c
2022-04-09 17:30:06 [DEBUG] com.zaxxer.hikari.pool.HikariPool - HikariPool-1 - Added connection net.sf.log4jdbc.sql.jdbcapi.ConnectionSpy@78de788b
2022-04-09 17:30:06 [DEBUG] com.zaxxer.hikari.pool.HikariPool - HikariPool-1 - Added connection net.sf.log4jdbc.sql.jdbcapi.ConnectionSpy@4d6a6739
2022-04-09 17:30:36 [DEBUG] com.zaxxer.hikari.pool.HikariPool - HikariPool-1 - Pool stats (total=10, active=0, idle=10, waiting=0)
2022-04-09 17:30:36 [DEBUG] com.zaxxer.hikari.pool.HikariPool - HikariPool-1 - Fill pool skipped, pool is at sufficient level.
2022-04-09 17:31:06 [DEBUG] com.zaxxer.hikari.pool.HikariPool - HikariPool-1 - Pool stats (total=10, active=0, idle=10, waiting=0)
2022-04-09 17:31:06 [DEBUG] com.zaxxer.hikari.pool.HikariPool - HikariPool-1 - Fill pool skipped, pool is at sufficient level.
2022-04-09 17:31:36 [DEBUG] com.zaxxer.hikari.pool.HikariPool - HikariPool-1 - Pool stats (total=10, active=0, idle=10, waiting=0)
2022-04-09 17:31:36 [DEBUG] com.zaxxer.hikari.pool.HikariPool - HikariPool-1 - Fill pool skipped, pool is at sufficient level.
2022-04-09 17:32:06 [DEBUG] com.zaxxer.hikari.pool.HikariPool - HikariPool-1 - Pool stats (total=10, active=0, idle=10, waiting=0)
2022-04-09 17:32:06 [DEBUG] com.zaxxer.hikari.pool.HikariPool - HikariPool-1 - Fill pool skipped, pool is at sufficient level.
2022-04-09 17:32:36 [DEBUG] com.zaxxer.hikari.pool.HikariPool - HikariPool-1 - Pool stats (total=10, active=0, idle=10, waiting=0)
2022-04-09 17:32:36 [DEBUG] com.zaxxer.hikari.pool.HikariPool - HikariPool-1 - Fill pool skipped, pool is at sufficient level.
2022-04-09 17:33:06 [DEBUG] com.zaxxer.hikari.pool.HikariPool - HikariPool-1 - Pool stats (total=10, active=0, idle=10, waiting=0)
2022-04-09 17:33:06 [DEBUG] com.zaxxer.hikari.pool.HikariPool - HikariPool-1 - Fill pool skipped, pool is at sufficient level.
2022-04-09 17:33:36 [DEBUG] com.zaxxer.hikari.pool.HikariPool - HikariPool-1 - Pool stats (total=10, active=0, idle=10, waiting=0)
2022-04-09 17:33:36 [DEBUG] com.zaxxer.hikari.pool.HikariPool - HikariPool-1 - Fill pool skipped, pool is at sufficient level.
2022-04-09 17:34:06 [DEBUG] com.zaxxer.hikari.pool.HikariPool - HikariPool-1 - Pool stats (total=10, active=0, idle=10, waiting=0)
2022-04-09 17:34:06 [DEBUG] com.zaxxer.hikari.pool.HikariPool - HikariPool-1 - Fill pool skipped, pool is at sufficient level.
2022-04-09 17:34:36 [DEBUG] com.zaxxer.hikari.pool.HikariPool - HikariPool-1 - Pool stats (total=10, active=0, idle=10, waiting=0)
2022-04-09 17:34:36 [DEBUG] com.zaxxer.hikari.pool.HikariPool - HikariPool-1 - Fill pool skipped, pool is at sufficient level.
2022-04-09 17:35:06 [DEBUG] com.zaxxer.hikari.pool.HikariPool - HikariPool-1 - Pool stats (total=10, active=0, idle=10, waiting=0)
2022-04-09 17:35:06 [DEBUG] com.zaxxer.hikari.pool.HikariPool - HikariPool-1 - Fill pool skipped, pool is at sufficient level.
2022-04-09 17:35:36 [DEBUG] com.zaxxer.hikari.pool.HikariPool - HikariPool-1 - Pool stats (total=10, active=0, idle=10, waiting=0)
2022-04-09 17:35:36 [DEBUG] com.zaxxer.hikari.pool.HikariPool - HikariPool-1 - Fill pool skipped, pool is at sufficient level.
2022-04-09 17:36:06 [DEBUG] com.zaxxer.hikari.pool.HikariPool - HikariPool-1 - Pool stats (total=10, active=0, idle=10, waiting=0)
2022-04-09 17:36:06 [DEBUG] com.zaxxer.hikari.pool.HikariPool - HikariPool-1 - Fill pool skipped, pool is at sufficient level.
2022-04-09 17:36:36 [DEBUG] com.zaxxer.hikari.pool.HikariPool - HikariPool-1 - Pool stats (total=10, active=0, idle=10, waiting=0)
2022-04-09 17:36:36 [DEBUG] com.zaxxer.hikari.pool.HikariPool - HikariPool-1 - Fill pool skipped, pool is at sufficient level.
2022-04-09 17:37:06 [DEBUG] com.zaxxer.hikari.pool.HikariPool - HikariPool-1 - Pool stats (total=10, active=0, idle=10, waiting=0)
2022-04-09 17:37:06 [DEBUG] com.zaxxer.hikari.pool.HikariPool - HikariPool-1 - Fill pool skipped, pool is at sufficient level.
2022-04-09 17:37:36 [DEBUG] com.zaxxer.hikari.pool.HikariPool - HikariPool-1 - Pool stats (total=10, active=0, idle=10, waiting=0)
2022-04-09 17:37:36 [DEBUG] com.zaxxer.hikari.pool.HikariPool - HikariPool-1 - Fill pool skipped, pool is at sufficient level.
2022-04-09 17:38:06 [DEBUG] com.zaxxer.hikari.pool.HikariPool - HikariPool-1 - Pool stats (total=10, active=0, idle=10, waiting=0)
2022-04-09 17:38:06 [DEBUG] com.zaxxer.hikari.pool.HikariPool - HikariPool-1 - Fill pool skipped, pool is at sufficient level.
2022-04-09 17:38:36 [DEBUG] com.zaxxer.hikari.pool.HikariPool - HikariPool-1 - Pool stats (total=10, active=0, idle=10, waiting=0)
2022-04-09 17:38:36 [DEBUG] com.zaxxer.hikari.pool.HikariPool - HikariPool-1 - Fill pool skipped, pool is at sufficient level.
2022-04-09 17:39:06 [DEBUG] com.zaxxer.hikari.pool.HikariPool - HikariPool-1 - Pool stats (total=10, active=0, idle=10, waiting=0)
2022-04-09 17:39:06 [DEBUG] com.zaxxer.hikari.pool.HikariPool - HikariPool-1 - Fill pool skipped, pool is at sufficient level.
2022-04-09 17:39:36 [DEBUG] com.zaxxer.hikari.pool.HikariPool - HikariPool-1 - Pool stats (total=10, active=0, idle=10, waiting=0)
2022-04-09 17:39:36 [DEBUG] com.zaxxer.hikari.pool.HikariPool - HikariPool-1 - Fill pool skipped, pool is at sufficient level.
2022-04-09 17:40:06 [DEBUG] com.zaxxer.hikari.pool.HikariPool - HikariPool-1 - Pool stats (total=10, active=0, idle=10, waiting=0)
2022-04-09 17:40:06 [DEBUG] com.zaxxer.hikari.pool.HikariPool - HikariPool-1 - Fill pool skipped, pool is at sufficient level.
2022-04-09 17:40:36 [DEBUG] com.zaxxer.hikari.pool.HikariPool - HikariPool-1 - Pool stats (total=10, active=0, idle=10, waiting=0)
2022-04-09 17:40:36 [DEBUG] com.zaxxer.hikari.pool.HikariPool - HikariPool-1 - Fill pool skipped, pool is at sufficient level.
2022-04-09 17:41:06 [DEBUG] com.zaxxer.hikari.pool.HikariPool - HikariPool-1 - Pool stats (total=10, active=0, idle=10, waiting=0)
2022-04-09 17:41:06 [DEBUG] com.zaxxer.hikari.pool.HikariPool - HikariPool-1 - Fill pool skipped, pool is at sufficient level.
2022-04-09 17:41:36 [DEBUG] com.zaxxer.hikari.pool.HikariPool - HikariPool-1 - Pool stats (total=10, active=0, idle=10, waiting=0)
2022-04-09 17:41:36 [DEBUG] com.zaxxer.hikari.pool.HikariPool - HikariPool-1 - Fill pool skipped, pool is at sufficient level.
2022-04-09 17:42:06 [DEBUG] com.zaxxer.hikari.pool.HikariPool - HikariPool-1 - Pool stats (total=10, active=0, idle=10, waiting=0)
2022-04-09 17:42:06 [DEBUG] com.zaxxer.hikari.pool.HikariPool - HikariPool-1 - Fill pool skipped, pool is at sufficient level.
2022-04-09 17:42:36 [DEBUG] com.zaxxer.hikari.pool.HikariPool - HikariPool-1 - Pool stats (total=10, active=0, idle=10, waiting=0)
2022-04-09 17:42:36 [DEBUG] com.zaxxer.hikari.pool.HikariPool - HikariPool-1 - Fill pool skipped, pool is at sufficient level.
2022-04-09 17:43:06 [DEBUG] com.zaxxer.hikari.pool.HikariPool - HikariPool-1 - Pool stats (total=10, active=0, idle=10, waiting=0)
2022-04-09 17:43:06 [DEBUG] com.zaxxer.hikari.pool.HikariPool - HikariPool-1 - Fill pool skipped, pool is at sufficient level.
2022-04-09 17:43:36 [DEBUG] com.zaxxer.hikari.pool.HikariPool - HikariPool-1 - Pool stats (total=10, active=0, idle=10, waiting=0)
2022-04-09 17:43:36 [DEBUG] com.zaxxer.hikari.pool.HikariPool - HikariPool-1 - Fill pool skipped, pool is at sufficient level.
2022-04-09 17:44:06 [DEBUG] com.zaxxer.hikari.pool.HikariPool - HikariPool-1 - Pool stats (total=10, active=0, idle=10, waiting=0)
2022-04-09 17:44:06 [DEBUG] com.zaxxer.hikari.pool.HikariPool - HikariPool-1 - Fill pool skipped, pool is at sufficient level.
2022-04-09 17:44:36 [DEBUG] com.zaxxer.hikari.pool.HikariPool - HikariPool-1 - Pool stats (total=10, active=0, idle=10, waiting=0)
2022-04-09 17:44:36 [DEBUG] com.zaxxer.hikari.pool.HikariPool - HikariPool-1 - Fill pool skipped, pool is at sufficient level.
2022-04-09 17:45:06 [DEBUG] com.zaxxer.hikari.pool.HikariPool - HikariPool-1 - Pool stats (total=10, active=0, idle=10, waiting=0)
2022-04-09 17:45:06 [DEBUG] com.zaxxer.hikari.pool.HikariPool - HikariPool-1 - Fill pool skipped, pool is at sufficient level.
2022-04-09 17:45:36 [DEBUG] com.zaxxer.hikari.pool.HikariPool - HikariPool-1 - Pool stats (total=10, active=0, idle=10, waiting=0)
2022-04-09 17:45:36 [DEBUG] com.zaxxer.hikari.pool.HikariPool - HikariPool-1 - Fill pool skipped, pool is at sufficient level.
2022-04-09 17:46:06 [DEBUG] com.zaxxer.hikari.pool.HikariPool - HikariPool-1 - Pool stats (total=10, active=0, idle=10, waiting=0)
2022-04-09 17:46:06 [DEBUG] com.zaxxer.hikari.pool.HikariPool - HikariPool-1 - Fill pool skipped, pool is at sufficient level.
2022-04-09 17:46:36 [DEBUG] com.zaxxer.hikari.pool.HikariPool - HikariPool-1 - Pool stats (total=10, active=0, idle=10, waiting=0)
2022-04-09 17:46:36 [DEBUG] com.zaxxer.hikari.pool.HikariPool - HikariPool-1 - Fill pool skipped, pool is at sufficient level.
2022-04-09 17:47:06 [DEBUG] com.zaxxer.hikari.pool.HikariPool - HikariPool-1 - Pool stats (total=10, active=0, idle=10, waiting=0)
2022-04-09 17:47:06 [DEBUG] com.zaxxer.hikari.pool.HikariPool - HikariPool-1 - Fill pool skipped, pool is at sufficient level.
2022-04-09 17:47:36 [DEBUG] com.zaxxer.hikari.pool.HikariPool - HikariPool-1 - Pool stats (total=10, active=0, idle=10, waiting=0)
2022-04-09 17:47:36 [DEBUG] com.zaxxer.hikari.pool.HikariPool - HikariPool-1 - Fill pool skipped, pool is at sufficient level.
2022-04-09 17:48:06 [DEBUG] com.zaxxer.hikari.pool.HikariPool - HikariPool-1 - Pool stats (total=10, active=0, idle=10, waiting=0)
2022-04-09 17:48:06 [DEBUG] com.zaxxer.hikari.pool.HikariPool - HikariPool-1 - Fill pool skipped, pool is at sufficient level.
2022-04-09 17:48:36 [DEBUG] com.zaxxer.hikari.pool.HikariPool - HikariPool-1 - Pool stats (total=10, active=0, idle=10, waiting=0)
2022-04-09 17:48:36 [DEBUG] com.zaxxer.hikari.pool.HikariPool - HikariPool-1 - Fill pool skipped, pool is at sufficient level.
2022-04-09 17:49:06 [DEBUG] com.zaxxer.hikari.pool.HikariPool - HikariPool-1 - Pool stats (total=10, active=0, idle=10, waiting=0)
2022-04-09 17:49:06 [DEBUG] com.zaxxer.hikari.pool.HikariPool - HikariPool-1 - Fill pool skipped, pool is at sufficient level.
2022-04-09 17:49:36 [DEBUG] com.zaxxer.hikari.pool.HikariPool - HikariPool-1 - Pool stats (total=10, active=0, idle=10, waiting=0)
2022-04-09 17:49:36 [DEBUG] com.zaxxer.hikari.pool.HikariPool - HikariPool-1 - Fill pool skipped, pool is at sufficient level.
2022-04-09 17:50:06 [DEBUG] com.zaxxer.hikari.pool.HikariPool - HikariPool-1 - Pool stats (total=10, active=0, idle=10, waiting=0)
2022-04-09 17:50:06 [DEBUG] com.zaxxer.hikari.pool.HikariPool - HikariPool-1 - Fill pool skipped, pool is at sufficient level.
2022-04-09 17:50:36 [DEBUG] com.zaxxer.hikari.pool.HikariPool - HikariPool-1 - Pool stats (total=10, active=0, idle=10, waiting=0)
2022-04-09 17:50:36 [DEBUG] com.zaxxer.hikari.pool.HikariPool - HikariPool-1 - Fill pool skipped, pool is at sufficient level.
2022-04-09 17:51:06 [DEBUG] com.zaxxer.hikari.pool.HikariPool - HikariPool-1 - Pool stats (total=10, active=0, idle=10, waiting=0)
2022-04-09 17:51:06 [DEBUG] com.zaxxer.hikari.pool.HikariPool - HikariPool-1 - Fill pool skipped, pool is at sufficient level.
2022-04-09 17:51:36 [DEBUG] com.zaxxer.hikari.pool.HikariPool - HikariPool-1 - Pool stats (total=10, active=0, idle=10, waiting=0)
2022-04-09 17:51:36 [DEBUG] com.zaxxer.hikari.pool.HikariPool - HikariPool-1 - Fill pool skipped, pool is at sufficient level.
2022-04-09 17:52:06 [DEBUG] com.zaxxer.hikari.pool.HikariPool - HikariPool-1 - Pool stats (total=10, active=0, idle=10, waiting=0)
2022-04-09 17:52:06 [DEBUG] com.zaxxer.hikari.pool.HikariPool - HikariPool-1 - Fill pool skipped, pool is at sufficient level.
2022-04-09 17:52:36 [DEBUG] com.zaxxer.hikari.pool.HikariPool - HikariPool-1 - Pool stats (total=10, active=0, idle=10, waiting=0)
2022-04-09 17:52:36 [DEBUG] com.zaxxer.hikari.pool.HikariPool - HikariPool-1 - Fill pool skipped, pool is at sufficient level.
2022-04-09 17:53:06 [DEBUG] com.zaxxer.hikari.pool.HikariPool - HikariPool-1 - Pool stats (total=10, active=0, idle=10, waiting=0)
2022-04-09 17:53:06 [DEBUG] com.zaxxer.hikari.pool.HikariPool - HikariPool-1 - Fill pool skipped, pool is at sufficient level.
2022-04-09 17:53:36 [DEBUG] com.zaxxer.hikari.pool.HikariPool - HikariPool-1 - Pool stats (total=10, active=0, idle=10, waiting=0)
2022-04-09 17:53:36 [DEBUG] com.zaxxer.hikari.pool.HikariPool - HikariPool-1 - Fill pool skipped, pool is at sufficient level.
2022-04-09 17:54:06 [DEBUG] com.zaxxer.hikari.pool.HikariPool - HikariPool-1 - Pool stats (total=10, active=0, idle=10, waiting=0)
2022-04-09 17:54:06 [DEBUG] com.zaxxer.hikari.pool.HikariPool - HikariPool-1 - Fill pool skipped, pool is at sufficient level.
2022-04-09 17:54:36 [DEBUG] com.zaxxer.hikari.pool.HikariPool - HikariPool-1 - Pool stats (total=10, active=0, idle=10, waiting=0)
2022-04-09 17:54:36 [DEBUG] com.zaxxer.hikari.pool.HikariPool - HikariPool-1 - Fill pool skipped, pool is at sufficient level.
2022-04-09 17:55:06 [DEBUG] com.zaxxer.hikari.pool.HikariPool - HikariPool-1 - Pool stats (total=10, active=0, idle=10, waiting=0)
2022-04-09 17:55:06 [DEBUG] com.zaxxer.hikari.pool.HikariPool - HikariPool-1 - Fill pool skipped, pool is at sufficient level.
2022-04-09 17:55:36 [DEBUG] com.zaxxer.hikari.pool.HikariPool - HikariPool-1 - Pool stats (total=10, active=0, idle=10, waiting=0)
2022-04-09 17:55:36 [DEBUG] com.zaxxer.hikari.pool.HikariPool - HikariPool-1 - Fill pool skipped, pool is at sufficient level.
2022-04-09 17:56:06 [DEBUG] com.zaxxer.hikari.pool.HikariPool - HikariPool-1 - Pool stats (total=10, active=0, idle=10, waiting=0)
2022-04-09 17:56:06 [DEBUG] com.zaxxer.hikari.pool.HikariPool - HikariPool-1 - Fill pool skipped, pool is at sufficient level.
2022-04-09 17:56:36 [DEBUG] com.zaxxer.hikari.pool.HikariPool - HikariPool-1 - Pool stats (total=10, active=0, idle=10, waiting=0)
2022-04-09 17:56:36 [DEBUG] com.zaxxer.hikari.pool.HikariPool - HikariPool-1 - Fill pool skipped, pool is at sufficient level.
2022-04-09 17:57:06 [DEBUG] com.zaxxer.hikari.pool.HikariPool - HikariPool-1 - Pool stats (total=10, active=0, idle=10, waiting=0)
2022-04-09 17:57:06 [DEBUG] com.zaxxer.hikari.pool.HikariPool - HikariPool-1 - Fill pool skipped, pool is at sufficient level.
2022-04-09 17:57:36 [DEBUG] com.zaxxer.hikari.pool.HikariPool - HikariPool-1 - Pool stats (total=10, active=0, idle=10, waiting=0)
2022-04-09 17:57:36 [DEBUG] com.zaxxer.hikari.pool.HikariPool - HikariPool-1 - Fill pool skipped, pool is at sufficient level.
2022-04-09 17:58:06 [DEBUG] com.zaxxer.hikari.pool.HikariPool - HikariPool-1 - Pool stats (total=10, active=0, idle=10, waiting=0)
2022-04-09 17:58:06 [DEBUG] com.zaxxer.hikari.pool.HikariPool - HikariPool-1 - Fill pool skipped, pool is at sufficient level.
2022-04-09 17:58:36 [DEBUG] com.zaxxer.hikari.pool.HikariPool - HikariPool-1 - Pool stats (total=10, active=0, idle=10, waiting=0)
2022-04-09 17:58:36 [DEBUG] com.zaxxer.hikari.pool.HikariPool - HikariPool-1 - Fill pool skipped, pool is at sufficient level.
2022-04-09 17:59:06 [DEBUG] com.zaxxer.hikari.pool.HikariPool - HikariPool-1 - Pool stats (total=10, active=0, idle=10, waiting=0)
2022-04-09 17:59:06 [DEBUG] com.zaxxer.hikari.pool.HikariPool - HikariPool-1 - Fill pool skipped, pool is at sufficient level.
2022-04-09 17:59:21 [DEBUG] com.zaxxer.hikari.pool.PoolBase - HikariPool-1 - Closing connection net.sf.log4jdbc.sql.jdbcapi.ConnectionSpy@7fd99da6: (connection has passed maxLifetime)
2022-04-09 17:59:21 [DEBUG] com.zaxxer.hikari.pool.HikariPool - HikariPool-1 - Added connection net.sf.log4jdbc.sql.jdbcapi.ConnectionSpy@2bdd61b
2022-04-09 17:59:23 [DEBUG] com.zaxxer.hikari.pool.PoolBase - HikariPool-1 - Closing connection net.sf.log4jdbc.sql.jdbcapi.ConnectionSpy@3840f9c7: (connection has passed maxLifetime)
2022-04-09 17:59:23 [DEBUG] com.zaxxer.hikari.pool.HikariPool - HikariPool-1 - Added connection net.sf.log4jdbc.sql.jdbcapi.ConnectionSpy@4380dc20
2022-04-09 17:59:24 [DEBUG] com.zaxxer.hikari.pool.PoolBase - HikariPool-1 - Closing connection net.sf.log4jdbc.sql.jdbcapi.ConnectionSpy@78de788b: (connection has passed maxLifetime)
2022-04-09 17:59:24 [DEBUG] com.zaxxer.hikari.pool.HikariPool - HikariPool-1 - Added connection net.sf.log4jdbc.sql.jdbcapi.ConnectionSpy@72897875
2022-04-09 17:59:26 [DEBUG] com.zaxxer.hikari.pool.PoolBase - HikariPool-1 - Closing connection net.sf.log4jdbc.sql.jdbcapi.ConnectionSpy@77d0fc4c: (connection has passed maxLifetime)
2022-04-09 17:59:26 [DEBUG] com.zaxxer.hikari.pool.HikariPool - HikariPool-1 - Added connection net.sf.log4jdbc.sql.jdbcapi.ConnectionSpy@23af236f
2022-04-09 17:59:31 [DEBUG] com.zaxxer.hikari.pool.PoolBase - HikariPool-1 - Closing connection net.sf.log4jdbc.sql.jdbcapi.ConnectionSpy@4d6a6739: (connection has passed maxLifetime)
2022-04-09 17:59:31 [DEBUG] com.zaxxer.hikari.pool.HikariPool - HikariPool-1 - Added connection net.sf.log4jdbc.sql.jdbcapi.ConnectionSpy@47ac0fc9
2022-04-09 17:59:31 [DEBUG] com.zaxxer.hikari.pool.PoolBase - HikariPool-1 - Closing connection net.sf.log4jdbc.sql.jdbcapi.ConnectionSpy@1d1cd40c: (connection has passed maxLifetime)
2022-04-09 17:59:31 [DEBUG] com.zaxxer.hikari.pool.HikariPool - HikariPool-1 - Added connection net.sf.log4jdbc.sql.jdbcapi.ConnectionSpy@27e1fc69
2022-04-09 17:59:36 [DEBUG] com.zaxxer.hikari.pool.HikariPool - HikariPool-1 - Pool stats (total=10, active=0, idle=10, waiting=0)
2022-04-09 17:59:36 [DEBUG] com.zaxxer.hikari.pool.HikariPool - HikariPool-1 - Fill pool skipped, pool is at sufficient level.
2022-04-09 17:59:36 [DEBUG] com.zaxxer.hikari.pool.PoolBase - HikariPool-1 - Closing connection net.sf.log4jdbc.sql.jdbcapi.ConnectionSpy@6d37c4c2: (connection has passed maxLifetime)
2022-04-09 17:59:36 [DEBUG] com.zaxxer.hikari.pool.HikariPool - HikariPool-1 - Added connection net.sf.log4jdbc.sql.jdbcapi.ConnectionSpy@21cd1b3
2022-04-09 17:59:39 [DEBUG] com.zaxxer.hikari.pool.PoolBase - HikariPool-1 - Closing connection net.sf.log4jdbc.sql.jdbcapi.ConnectionSpy@3c0e2178: (connection has passed maxLifetime)
2022-04-09 17:59:39 [DEBUG] com.zaxxer.hikari.pool.HikariPool - HikariPool-1 - Added connection net.sf.log4jdbc.sql.jdbcapi.ConnectionSpy@2f5bf343
2022-04-09 17:59:47 [DEBUG] com.zaxxer.hikari.pool.PoolBase - HikariPool-1 - Closing connection net.sf.log4jdbc.sql.jdbcapi.ConnectionSpy@7d43497a: (connection has passed maxLifetime)
2022-04-09 17:59:47 [DEBUG] com.zaxxer.hikari.pool.HikariPool - HikariPool-1 - Added connection net.sf.log4jdbc.sql.jdbcapi.ConnectionSpy@1c3a3bdd
2022-04-09 17:59:57 [DEBUG] com.zaxxer.hikari.pool.PoolBase - HikariPool-1 - Closing connection net.sf.log4jdbc.sql.jdbcapi.ConnectionSpy@5c21de37: (connection has passed maxLifetime)
2022-04-09 17:59:57 [DEBUG] com.zaxxer.hikari.pool.HikariPool - HikariPool-1 - Added connection net.sf.log4jdbc.sql.jdbcapi.ConnectionSpy@1467c567
2022-04-09 18:00:06 [DEBUG] com.zaxxer.hikari.pool.HikariPool - HikariPool-1 - Pool stats (total=10, active=0, idle=10, waiting=0)
2022-04-09 18:00:06 [DEBUG] com.zaxxer.hikari.pool.HikariPool - HikariPool-1 - Fill pool skipped, pool is at sufficient level.
2022-04-09 18:00:36 [DEBUG] com.zaxxer.hikari.pool.HikariPool - HikariPool-1 - Pool stats (total=10, active=0, idle=10, waiting=0)
2022-04-09 18:00:36 [DEBUG] com.zaxxer.hikari.pool.HikariPool - HikariPool-1 - Fill pool skipped, pool is at sufficient level.
2022-04-09 18:01:06 [DEBUG] com.zaxxer.hikari.pool.HikariPool - HikariPool-1 - Pool stats (total=10, active=0, idle=10, waiting=0)
2022-04-09 18:01:06 [DEBUG] com.zaxxer.hikari.pool.HikariPool - HikariPool-1 - Fill pool skipped, pool is at sufficient level.
2022-04-09 18:01:36 [DEBUG] com.zaxxer.hikari.pool.HikariPool - HikariPool-1 - Pool stats (total=10, active=0, idle=10, waiting=0)
2022-04-09 18:01:36 [DEBUG] com.zaxxer.hikari.pool.HikariPool - HikariPool-1 - Fill pool skipped, pool is at sufficient level.
2022-04-09 18:02:06 [DEBUG] com.zaxxer.hikari.pool.HikariPool - HikariPool-1 - Pool stats (total=10, active=0, idle=10, waiting=0)
2022-04-09 18:02:06 [DEBUG] com.zaxxer.hikari.pool.HikariPool - HikariPool-1 - Fill pool skipped, pool is at sufficient level.
2022-04-09 18:02:36 [DEBUG] com.zaxxer.hikari.pool.HikariPool - HikariPool-1 - Pool stats (total=10, active=0, idle=10, waiting=0)
2022-04-09 18:02:36 [DEBUG] com.zaxxer.hikari.pool.HikariPool - HikariPool-1 - Fill pool skipped, pool is at sufficient level.
2022-04-09 18:03:06 [DEBUG] com.zaxxer.hikari.pool.HikariPool - HikariPool-1 - Pool stats (total=10, active=0, idle=10, waiting=0)
2022-04-09 18:03:06 [DEBUG] com.zaxxer.hikari.pool.HikariPool - HikariPool-1 - Fill pool skipped, pool is at sufficient level.
2022-04-09 18:03:36 [DEBUG] com.zaxxer.hikari.pool.HikariPool - HikariPool-1 - Pool stats (total=10, active=0, idle=10, waiting=0)
2022-04-09 18:03:36 [DEBUG] com.zaxxer.hikari.pool.HikariPool - HikariPool-1 - Fill pool skipped, pool is at sufficient level.
2022-04-09 18:04:06 [DEBUG] com.zaxxer.hikari.pool.HikariPool - HikariPool-1 - Pool stats (total=10, active=0, idle=10, waiting=0)
2022-04-09 18:04:06 [DEBUG] com.zaxxer.hikari.pool.HikariPool - HikariPool-1 - Fill pool skipped, pool is at sufficient level.
2022-04-09 18:04:36 [DEBUG] com.zaxxer.hikari.pool.HikariPool - HikariPool-1 - Pool stats (total=10, active=0, idle=10, waiting=0)
2022-04-09 18:04:36 [DEBUG] com.zaxxer.hikari.pool.HikariPool - HikariPool-1 - Fill pool skipped, pool is at sufficient level.
2022-04-09 18:05:06 [DEBUG] com.zaxxer.hikari.pool.HikariPool - HikariPool-1 - Pool stats (total=10, active=0, idle=10, waiting=0)
2022-04-09 18:05:06 [DEBUG] com.zaxxer.hikari.pool.HikariPool - HikariPool-1 - Fill pool skipped, pool is at sufficient level.
2022-04-09 18:05:36 [DEBUG] com.zaxxer.hikari.pool.HikariPool - HikariPool-1 - Pool stats (total=10, active=0, idle=10, waiting=0)
2022-04-09 18:05:36 [DEBUG] com.zaxxer.hikari.pool.HikariPool - HikariPool-1 - Fill pool skipped, pool is at sufficient level.
2022-04-09 18:06:06 [DEBUG] com.zaxxer.hikari.pool.HikariPool - HikariPool-1 - Pool stats (total=10, active=0, idle=10, waiting=0)
2022-04-09 18:06:06 [DEBUG] com.zaxxer.hikari.pool.HikariPool - HikariPool-1 - Fill pool skipped, pool is at sufficient level.
2022-04-09 18:06:36 [DEBUG] com.zaxxer.hikari.pool.HikariPool - HikariPool-1 - Pool stats (total=10, active=0, idle=10, waiting=0)
2022-04-09 18:06:36 [DEBUG] com.zaxxer.hikari.pool.HikariPool - HikariPool-1 - Fill pool skipped, pool is at sufficient level.
2022-04-09 18:07:06 [DEBUG] com.zaxxer.hikari.pool.HikariPool - HikariPool-1 - Pool stats (total=10, active=0, idle=10, waiting=0)
2022-04-09 18:07:06 [DEBUG] com.zaxxer.hikari.pool.HikariPool - HikariPool-1 - Fill pool skipped, pool is at sufficient level.
2022-04-09 18:07:36 [DEBUG] com.zaxxer.hikari.pool.HikariPool - HikariPool-1 - Pool stats (total=10, active=0, idle=10, waiting=0)
2022-04-09 18:07:36 [DEBUG] com.zaxxer.hikari.pool.HikariPool - HikariPool-1 - Fill pool skipped, pool is at sufficient level.
2022-04-09 18:08:06 [DEBUG] com.zaxxer.hikari.pool.HikariPool - HikariPool-1 - Pool stats (total=10, active=0, idle=10, waiting=0)
2022-04-09 18:08:06 [DEBUG] com.zaxxer.hikari.pool.HikariPool - HikariPool-1 - Fill pool skipped, pool is at sufficient level.
2022-04-09 18:08:36 [DEBUG] com.zaxxer.hikari.pool.HikariPool - HikariPool-1 - Pool stats (total=10, active=0, idle=10, waiting=0)
2022-04-09 18:08:36 [DEBUG] com.zaxxer.hikari.pool.HikariPool - HikariPool-1 - Fill pool skipped, pool is at sufficient level.
2022-04-09 18:09:06 [DEBUG] com.zaxxer.hikari.pool.HikariPool - HikariPool-1 - Pool stats (total=10, active=0, idle=10, waiting=0)
2022-04-09 18:09:06 [DEBUG] com.zaxxer.hikari.pool.HikariPool - HikariPool-1 - Fill pool skipped, pool is at sufficient level.
2022-04-09 18:09:36 [DEBUG] com.zaxxer.hikari.pool.HikariPool - HikariPool-1 - Pool stats (total=10, active=0, idle=10, waiting=0)
2022-04-09 18:09:36 [DEBUG] com.zaxxer.hikari.pool.HikariPool - HikariPool-1 - Fill pool skipped, pool is at sufficient level.
2022-04-09 18:10:06 [DEBUG] com.zaxxer.hikari.pool.HikariPool - HikariPool-1 - Pool stats (total=10, active=0, idle=10, waiting=0)
2022-04-09 18:10:06 [DEBUG] com.zaxxer.hikari.pool.HikariPool - HikariPool-1 - Fill pool skipped, pool is at sufficient level.
2022-04-09 18:10:36 [DEBUG] com.zaxxer.hikari.pool.HikariPool - HikariPool-1 - Pool stats (total=10, active=0, idle=10, waiting=0)
2022-04-09 18:10:36 [DEBUG] com.zaxxer.hikari.pool.HikariPool - HikariPool-1 - Fill pool skipped, pool is at sufficient level.
2022-04-09 18:11:06 [DEBUG] com.zaxxer.hikari.pool.HikariPool - HikariPool-1 - Pool stats (total=10, active=0, idle=10, waiting=0)
2022-04-09 18:11:06 [DEBUG] com.zaxxer.hikari.pool.HikariPool - HikariPool-1 - Fill pool skipped, pool is at sufficient level.
2022-04-09 18:11:36 [DEBUG] com.zaxxer.hikari.pool.HikariPool - HikariPool-1 - Pool stats (total=10, active=0, idle=10, waiting=0)
2022-04-09 18:11:36 [DEBUG] com.zaxxer.hikari.pool.HikariPool - HikariPool-1 - Fill pool skipped, pool is at sufficient level.
2022-04-09 18:12:06 [DEBUG] com.zaxxer.hikari.pool.HikariPool - HikariPool-1 - Pool stats (total=10, active=0, idle=10, waiting=0)
2022-04-09 18:12:06 [DEBUG] com.zaxxer.hikari.pool.HikariPool - HikariPool-1 - Fill pool skipped, pool is at sufficient level.
2022-04-09 18:12:36 [DEBUG] com.zaxxer.hikari.pool.HikariPool - HikariPool-1 - Pool stats (total=10, active=0, idle=10, waiting=0)
2022-04-09 18:12:36 [DEBUG] com.zaxxer.hikari.pool.HikariPool - HikariPool-1 - Fill pool skipped, pool is at sufficient level.
2022-04-09 18:13:06 [DEBUG] com.zaxxer.hikari.pool.HikariPool - HikariPool-1 - Pool stats (total=10, active=0, idle=10, waiting=0)
2022-04-09 18:13:06 [DEBUG] com.zaxxer.hikari.pool.HikariPool - HikariPool-1 - Fill pool skipped, pool is at sufficient level.
2022-04-09 18:13:36 [DEBUG] com.zaxxer.hikari.pool.HikariPool - HikariPool-1 - Pool stats (total=10, active=0, idle=10, waiting=0)
2022-04-09 18:13:36 [DEBUG] com.zaxxer.hikari.pool.HikariPool - HikariPool-1 - Fill pool skipped, pool is at sufficient level.
2022-04-09 18:14:06 [DEBUG] com.zaxxer.hikari.pool.HikariPool - HikariPool-1 - Pool stats (total=10, active=0, idle=10, waiting=0)
2022-04-09 18:14:06 [DEBUG] com.zaxxer.hikari.pool.HikariPool - HikariPool-1 - Fill pool skipped, pool is at sufficient level.
2022-04-09 18:14:36 [DEBUG] com.zaxxer.hikari.pool.HikariPool - HikariPool-1 - Pool stats (total=10, active=0, idle=10, waiting=0)
2022-04-09 18:14:36 [DEBUG] com.zaxxer.hikari.pool.HikariPool - HikariPool-1 - Fill pool skipped, pool is at sufficient level.
2022-04-09 18:15:06 [DEBUG] com.zaxxer.hikari.pool.HikariPool - HikariPool-1 - Pool stats (total=10, active=0, idle=10, waiting=0)
2022-04-09 18:15:06 [DEBUG] com.zaxxer.hikari.pool.HikariPool - HikariPool-1 - Fill pool skipped, pool is at sufficient level.
2022-04-09 18:15:36 [DEBUG] com.zaxxer.hikari.pool.HikariPool - HikariPool-1 - Pool stats (total=10, active=0, idle=10, waiting=0)
2022-04-09 18:15:36 [DEBUG] com.zaxxer.hikari.pool.HikariPool - HikariPool-1 - Fill pool skipped, pool is at sufficient level.
2022-04-09 18:16:06 [DEBUG] com.zaxxer.hikari.pool.HikariPool - HikariPool-1 - Pool stats (total=10, active=0, idle=10, waiting=0)
2022-04-09 18:16:06 [DEBUG] com.zaxxer.hikari.pool.HikariPool - HikariPool-1 - Fill pool skipped, pool is at sufficient level.
2022-04-09 18:16:36 [DEBUG] com.zaxxer.hikari.pool.HikariPool - HikariPool-1 - Pool stats (total=10, active=0, idle=10, waiting=0)
2022-04-09 18:16:36 [DEBUG] com.zaxxer.hikari.pool.HikariPool - HikariPool-1 - Fill pool skipped, pool is at sufficient level.
2022-04-09 18:17:06 [DEBUG] com.zaxxer.hikari.pool.HikariPool - HikariPool-1 - Pool stats (total=10, active=0, idle=10, waiting=0)
2022-04-09 18:17:06 [DEBUG] com.zaxxer.hikari.pool.HikariPool - HikariPool-1 - Fill pool skipped, pool is at sufficient level.
2022-04-09 18:17:36 [DEBUG] com.zaxxer.hikari.pool.HikariPool - HikariPool-1 - Pool stats (total=10, active=0, idle=10, waiting=0)
2022-04-09 18:17:36 [DEBUG] com.zaxxer.hikari.pool.HikariPool - HikariPool-1 - Fill pool skipped, pool is at sufficient level.
2022-04-09 18:18:06 [DEBUG] com.zaxxer.hikari.pool.HikariPool - HikariPool-1 - Pool stats (total=10, active=0, idle=10, waiting=0)
2022-04-09 18:18:06 [DEBUG] com.zaxxer.hikari.pool.HikariPool - HikariPool-1 - Fill pool skipped, pool is at sufficient level.
2022-04-09 18:18:36 [DEBUG] com.zaxxer.hikari.pool.HikariPool - HikariPool-1 - Pool stats (total=10, active=0, idle=10, waiting=0)
2022-04-09 18:18:36 [DEBUG] com.zaxxer.hikari.pool.HikariPool - HikariPool-1 - Fill pool skipped, pool is at sufficient level.
2022-04-09 18:19:06 [DEBUG] com.zaxxer.hikari.pool.HikariPool - HikariPool-1 - Pool stats (total=10, active=0, idle=10, waiting=0)
2022-04-09 18:19:06 [DEBUG] com.zaxxer.hikari.pool.HikariPool - HikariPool-1 - Fill pool skipped, pool is at sufficient level.
2022-04-09 18:19:36 [DEBUG] com.zaxxer.hikari.pool.HikariPool - HikariPool-1 - Pool stats (total=10, active=0, idle=10, waiting=0)
2022-04-09 18:19:36 [DEBUG] com.zaxxer.hikari.pool.HikariPool - HikariPool-1 - Fill pool skipped, pool is at sufficient level.
2022-04-09 18:20:06 [DEBUG] com.zaxxer.hikari.pool.HikariPool - HikariPool-1 - Pool stats (total=10, active=0, idle=10, waiting=0)
2022-04-09 18:20:06 [DEBUG] com.zaxxer.hikari.pool.HikariPool - HikariPool-1 - Fill pool skipped, pool is at sufficient level.
2022-04-09 18:20:36 [DEBUG] com.zaxxer.hikari.pool.HikariPool - HikariPool-1 - Pool stats (total=10, active=0, idle=10, waiting=0)
2022-04-09 18:20:36 [DEBUG] com.zaxxer.hikari.pool.HikariPool - HikariPool-1 - Fill pool skipped, pool is at sufficient level.
2022-04-09 18:21:06 [DEBUG] com.zaxxer.hikari.pool.HikariPool - HikariPool-1 - Pool stats (total=10, active=0, idle=10, waiting=0)
2022-04-09 18:21:06 [DEBUG] com.zaxxer.hikari.pool.HikariPool - HikariPool-1 - Fill pool skipped, pool is at sufficient level.
2022-04-09 18:21:36 [DEBUG] com.zaxxer.hikari.pool.HikariPool - HikariPool-1 - Pool stats (total=10, active=0, idle=10, waiting=0)
2022-04-09 18:21:36 [DEBUG] com.zaxxer.hikari.pool.HikariPool - HikariPool-1 - Fill pool skipped, pool is at sufficient level.
2022-04-09 18:22:06 [DEBUG] com.zaxxer.hikari.pool.HikariPool - HikariPool-1 - Pool stats (total=10, active=0, idle=10, waiting=0)
2022-04-09 18:22:06 [DEBUG] com.zaxxer.hikari.pool.HikariPool - HikariPool-1 - Fill pool skipped, pool is at sufficient level.
2022-04-09 18:22:36 [DEBUG] com.zaxxer.hikari.pool.HikariPool - HikariPool-1 - Pool stats (total=10, active=0, idle=10, waiting=0)
2022-04-09 18:22:36 [DEBUG] com.zaxxer.hikari.pool.HikariPool - HikariPool-1 - Fill pool skipped, pool is at sufficient level.
2022-04-09 18:23:06 [DEBUG] com.zaxxer.hikari.pool.HikariPool - HikariPool-1 - Pool stats (total=10, active=0, idle=10, waiting=0)
2022-04-09 18:23:06 [DEBUG] com.zaxxer.hikari.pool.HikariPool - HikariPool-1 - Fill pool skipped, pool is at sufficient level.
2022-04-09 18:23:36 [DEBUG] com.zaxxer.hikari.pool.HikariPool - HikariPool-1 - Pool stats (total=10, active=0, idle=10, waiting=0)
2022-04-09 18:23:36 [DEBUG] com.zaxxer.hikari.pool.HikariPool - HikariPool-1 - Fill pool skipped, pool is at sufficient level.
2022-04-09 18:24:06 [DEBUG] com.zaxxer.hikari.pool.HikariPool - HikariPool-1 - Pool stats (total=10, active=0, idle=10, waiting=0)
2022-04-09 18:24:06 [DEBUG] com.zaxxer.hikari.pool.HikariPool - HikariPool-1 - Fill pool skipped, pool is at sufficient level.
2022-04-09 18:24:36 [DEBUG] com.zaxxer.hikari.pool.HikariPool - HikariPool-1 - Pool stats (total=10, active=0, idle=10, waiting=0)
2022-04-09 18:24:36 [DEBUG] com.zaxxer.hikari.pool.HikariPool - HikariPool-1 - Fill pool skipped, pool is at sufficient level.
2022-04-09 18:25:06 [DEBUG] com.zaxxer.hikari.pool.HikariPool - HikariPool-1 - Pool stats (total=10, active=0, idle=10, waiting=0)
2022-04-09 18:25:06 [DEBUG] com.zaxxer.hikari.pool.HikariPool - HikariPool-1 - Fill pool skipped, pool is at sufficient level.
2022-04-09 18:25:36 [DEBUG] com.zaxxer.hikari.pool.HikariPool - HikariPool-1 - Pool stats (total=10, active=0, idle=10, waiting=0)
2022-04-09 18:25:36 [DEBUG] com.zaxxer.hikari.pool.HikariPool - HikariPool-1 - Fill pool skipped, pool is at sufficient level.
2022-04-09 18:26:06 [DEBUG] com.zaxxer.hikari.pool.HikariPool - HikariPool-1 - Pool stats (total=10, active=0, idle=10, waiting=0)
2022-04-09 18:26:06 [DEBUG] com.zaxxer.hikari.pool.HikariPool - HikariPool-1 - Fill pool skipped, pool is at sufficient level.
2022-04-09 18:26:36 [DEBUG] com.zaxxer.hikari.pool.HikariPool - HikariPool-1 - Pool stats (total=10, active=0, idle=10, waiting=0)
2022-04-09 18:26:36 [DEBUG] com.zaxxer.hikari.pool.HikariPool - HikariPool-1 - Fill pool skipped, pool is at sufficient level.
2022-04-09 18:27:06 [DEBUG] com.zaxxer.hikari.pool.HikariPool - HikariPool-1 - Pool stats (total=10, active=0, idle=10, waiting=0)
2022-04-09 18:27:06 [DEBUG] com.zaxxer.hikari.pool.HikariPool - HikariPool-1 - Fill pool skipped, pool is at sufficient level.
2022-04-09 18:27:36 [DEBUG] com.zaxxer.hikari.pool.HikariPool - HikariPool-1 - Pool stats (total=10, active=0, idle=10, waiting=0)
2022-04-09 18:27:36 [DEBUG] com.zaxxer.hikari.pool.HikariPool - HikariPool-1 - Fill pool skipped, pool is at sufficient level.
2022-04-09 18:28:06 [DEBUG] com.zaxxer.hikari.pool.HikariPool - HikariPool-1 - Pool stats (total=10, active=0, idle=10, waiting=0)
2022-04-09 18:28:06 [DEBUG] com.zaxxer.hikari.pool.HikariPool - HikariPool-1 - Fill pool skipped, pool is at sufficient level.
2022-04-09 18:28:36 [DEBUG] com.zaxxer.hikari.pool.HikariPool - HikariPool-1 - Pool stats (total=10, active=0, idle=10, waiting=0)
2022-04-09 18:28:36 [DEBUG] com.zaxxer.hikari.pool.HikariPool - HikariPool-1 - Fill pool skipped, pool is at sufficient level.
2022-04-09 18:28:43 [DEBUG] com.zaxxer.hikari.pool.PoolBase - HikariPool-1 - Closing connection net.sf.log4jdbc.sql.jdbcapi.ConnectionSpy@72897875: (connection has passed maxLifetime)
2022-04-09 18:28:43 [DEBUG] com.zaxxer.hikari.pool.HikariPool - HikariPool-1 - Added connection net.sf.log4jdbc.sql.jdbcapi.ConnectionSpy@b44cb14
2022-04-09 18:28:46 [DEBUG] com.zaxxer.hikari.pool.PoolBase - HikariPool-1 - Closing connection net.sf.log4jdbc.sql.jdbcapi.ConnectionSpy@4380dc20: (connection has passed maxLifetime)
2022-04-09 18:28:46 [DEBUG] com.zaxxer.hikari.pool.HikariPool - HikariPool-1 - Added connection net.sf.log4jdbc.sql.jdbcapi.ConnectionSpy@4a79c12f
2022-04-09 18:28:53 [DEBUG] com.zaxxer.hikari.pool.PoolBase - HikariPool-1 - Closing connection net.sf.log4jdbc.sql.jdbcapi.ConnectionSpy@47ac0fc9: (connection has passed maxLifetime)
2022-04-09 18:28:53 [DEBUG] com.zaxxer.hikari.pool.HikariPool - HikariPool-1 - Added connection net.sf.log4jdbc.sql.jdbcapi.ConnectionSpy@4a2238f
2022-04-09 18:28:55 [DEBUG] com.zaxxer.hikari.pool.PoolBase - HikariPool-1 - Closing connection net.sf.log4jdbc.sql.jdbcapi.ConnectionSpy@27e1fc69: (connection has passed maxLifetime)
2022-04-09 18:28:55 [DEBUG] com.zaxxer.hikari.pool.HikariPool - HikariPool-1 - Added connection net.sf.log4jdbc.sql.jdbcapi.ConnectionSpy@459f29b4
2022-04-09 18:29:06 [DEBUG] com.zaxxer.hikari.pool.HikariPool - HikariPool-1 - Pool stats (total=10, active=0, idle=10, waiting=0)
2022-04-09 18:29:06 [DEBUG] com.zaxxer.hikari.pool.HikariPool - HikariPool-1 - Fill pool skipped, pool is at sufficient level.
2022-04-09 18:29:08 [DEBUG] com.zaxxer.hikari.pool.PoolBase - HikariPool-1 - Closing connection net.sf.log4jdbc.sql.jdbcapi.ConnectionSpy@2bdd61b: (connection has passed maxLifetime)
2022-04-09 18:29:08 [DEBUG] com.zaxxer.hikari.pool.HikariPool - HikariPool-1 - Added connection net.sf.log4jdbc.sql.jdbcapi.ConnectionSpy@10bf8248
2022-04-09 18:29:13 [DEBUG] com.zaxxer.hikari.pool.PoolBase - HikariPool-1 - Closing connection net.sf.log4jdbc.sql.jdbcapi.ConnectionSpy@23af236f: (connection has passed maxLifetime)
2022-04-09 18:29:13 [DEBUG] com.zaxxer.hikari.pool.HikariPool - HikariPool-1 - Added connection net.sf.log4jdbc.sql.jdbcapi.ConnectionSpy@51828873
2022-04-09 18:29:20 [DEBUG] com.zaxxer.hikari.pool.PoolBase - HikariPool-1 - Closing connection net.sf.log4jdbc.sql.jdbcapi.ConnectionSpy@1c3a3bdd: (connection has passed maxLifetime)
2022-04-09 18:29:20 [DEBUG] com.zaxxer.hikari.pool.HikariPool - HikariPool-1 - Added connection net.sf.log4jdbc.sql.jdbcapi.ConnectionSpy@3347bb6a
2022-04-09 18:29:25 [DEBUG] com.zaxxer.hikari.pool.PoolBase - HikariPool-1 - Closing connection net.sf.log4jdbc.sql.jdbcapi.ConnectionSpy@21cd1b3: (connection has passed maxLifetime)
2022-04-09 18:29:25 [DEBUG] com.zaxxer.hikari.pool.HikariPool - HikariPool-1 - Added connection net.sf.log4jdbc.sql.jdbcapi.ConnectionSpy@727ab151
2022-04-09 18:29:33 [DEBUG] com.zaxxer.hikari.pool.PoolBase - HikariPool-1 - Closing connection net.sf.log4jdbc.sql.jdbcapi.ConnectionSpy@2f5bf343: (connection has passed maxLifetime)
2022-04-09 18:29:33 [DEBUG] com.zaxxer.hikari.pool.HikariPool - HikariPool-1 - Added connection net.sf.log4jdbc.sql.jdbcapi.ConnectionSpy@118fada7
2022-04-09 18:29:36 [DEBUG] com.zaxxer.hikari.pool.HikariPool - HikariPool-1 - Pool stats (total=10, active=0, idle=10, waiting=0)
2022-04-09 18:29:36 [DEBUG] com.zaxxer.hikari.pool.HikariPool - HikariPool-1 - Fill pool skipped, pool is at sufficient level.
2022-04-09 18:29:46 [DEBUG] com.zaxxer.hikari.pool.PoolBase - HikariPool-1 - Closing connection net.sf.log4jdbc.sql.jdbcapi.ConnectionSpy@1467c567: (connection has passed maxLifetime)
2022-04-09 18:29:46 [DEBUG] com.zaxxer.hikari.pool.HikariPool - HikariPool-1 - Added connection net.sf.log4jdbc.sql.jdbcapi.ConnectionSpy@3d12716b
2022-04-09 18:30:06 [DEBUG] com.zaxxer.hikari.pool.HikariPool - HikariPool-1 - Pool stats (total=10, active=0, idle=10, waiting=0)
2022-04-09 18:30:06 [DEBUG] com.zaxxer.hikari.pool.HikariPool - HikariPool-1 - Fill pool skipped, pool is at sufficient level.
2022-04-09 18:30:36 [DEBUG] com.zaxxer.hikari.pool.HikariPool - HikariPool-1 - Pool stats (total=10, active=0, idle=10, waiting=0)
2022-04-09 18:30:36 [DEBUG] com.zaxxer.hikari.pool.HikariPool - HikariPool-1 - Fill pool skipped, pool is at sufficient level.
2022-04-09 18:31:06 [DEBUG] com.zaxxer.hikari.pool.HikariPool - HikariPool-1 - Pool stats (total=10, active=0, idle=10, waiting=0)
2022-04-09 18:31:06 [DEBUG] com.zaxxer.hikari.pool.HikariPool - HikariPool-1 - Fill pool skipped, pool is at sufficient level.
2022-04-09 18:31:36 [DEBUG] com.zaxxer.hikari.pool.HikariPool - HikariPool-1 - Pool stats (total=10, active=0, idle=10, waiting=0)
2022-04-09 18:31:36 [DEBUG] com.zaxxer.hikari.pool.HikariPool - HikariPool-1 - Fill pool skipped, pool is at sufficient level.
2022-04-09 18:32:06 [DEBUG] com.zaxxer.hikari.pool.HikariPool - HikariPool-1 - Pool stats (total=10, active=0, idle=10, waiting=0)
2022-04-09 18:32:06 [DEBUG] com.zaxxer.hikari.pool.HikariPool - HikariPool-1 - Fill pool skipped, pool is at sufficient level.
2022-04-09 18:32:36 [DEBUG] com.zaxxer.hikari.pool.HikariPool - HikariPool-1 - Pool stats (total=10, active=0, idle=10, waiting=0)
2022-04-09 18:32:36 [DEBUG] com.zaxxer.hikari.pool.HikariPool - HikariPool-1 - Fill pool skipped, pool is at sufficient level.
2022-04-09 18:33:06 [DEBUG] com.zaxxer.hikari.pool.HikariPool - HikariPool-1 - Pool stats (total=10, active=0, idle=10, waiting=0)
2022-04-09 18:33:06 [DEBUG] com.zaxxer.hikari.pool.HikariPool - HikariPool-1 - Fill pool skipped, pool is at sufficient level.
2022-04-09 18:33:37 [DEBUG] com.zaxxer.hikari.pool.HikariPool - HikariPool-1 - Pool stats (total=10, active=0, idle=10, waiting=0)
2022-04-09 18:33:37 [DEBUG] com.zaxxer.hikari.pool.HikariPool - HikariPool-1 - Fill pool skipped, pool is at sufficient level.
2022-04-09 18:34:07 [DEBUG] com.zaxxer.hikari.pool.HikariPool - HikariPool-1 - Pool stats (total=10, active=0, idle=10, waiting=0)
2022-04-09 18:34:07 [DEBUG] com.zaxxer.hikari.pool.HikariPool - HikariPool-1 - Fill pool skipped, pool is at sufficient level.
2022-04-09 18:34:37 [DEBUG] com.zaxxer.hikari.pool.HikariPool - HikariPool-1 - Pool stats (total=10, active=0, idle=10, waiting=0)
2022-04-09 18:34:37 [DEBUG] com.zaxxer.hikari.pool.HikariPool - HikariPool-1 - Fill pool skipped, pool is at sufficient level.
2022-04-09 18:35:07 [DEBUG] com.zaxxer.hikari.pool.HikariPool - HikariPool-1 - Pool stats (total=10, active=0, idle=10, waiting=0)
2022-04-09 18:35:07 [DEBUG] com.zaxxer.hikari.pool.HikariPool - HikariPool-1 - Fill pool skipped, pool is at sufficient level.
2022-04-09 18:35:37 [DEBUG] com.zaxxer.hikari.pool.HikariPool - HikariPool-1 - Pool stats (total=10, active=0, idle=10, waiting=0)
2022-04-09 18:35:37 [DEBUG] com.zaxxer.hikari.pool.HikariPool - HikariPool-1 - Fill pool skipped, pool is at sufficient level.
2022-04-09 18:36:07 [DEBUG] com.zaxxer.hikari.pool.HikariPool - HikariPool-1 - Pool stats (total=10, active=0, idle=10, waiting=0)
2022-04-09 18:36:07 [DEBUG] com.zaxxer.hikari.pool.HikariPool - HikariPool-1 - Fill pool skipped, pool is at sufficient level.
2022-04-09 18:36:37 [DEBUG] com.zaxxer.hikari.pool.HikariPool - HikariPool-1 - Pool stats (total=10, active=0, idle=10, waiting=0)
2022-04-09 18:36:37 [DEBUG] com.zaxxer.hikari.pool.HikariPool - HikariPool-1 - Fill pool skipped, pool is at sufficient level.
2022-04-09 18:37:07 [DEBUG] com.zaxxer.hikari.pool.HikariPool - HikariPool-1 - Pool stats (total=10, active=0, idle=10, waiting=0)
2022-04-09 18:37:07 [DEBUG] com.zaxxer.hikari.pool.HikariPool - HikariPool-1 - Fill pool skipped, pool is at sufficient level.
2022-04-09 18:37:37 [DEBUG] com.zaxxer.hikari.pool.HikariPool - HikariPool-1 - Pool stats (total=10, active=0, idle=10, waiting=0)
2022-04-09 18:37:37 [DEBUG] com.zaxxer.hikari.pool.HikariPool - HikariPool-1 - Fill pool skipped, pool is at sufficient level.
2022-04-09 18:38:07 [DEBUG] com.zaxxer.hikari.pool.HikariPool - HikariPool-1 - Pool stats (total=10, active=0, idle=10, waiting=0)
2022-04-09 18:38:07 [DEBUG] com.zaxxer.hikari.pool.HikariPool - HikariPool-1 - Fill pool skipped, pool is at sufficient level.
2022-04-09 18:38:37 [DEBUG] com.zaxxer.hikari.pool.HikariPool - HikariPool-1 - Pool stats (total=10, active=0, idle=10, waiting=0)
2022-04-09 18:38:37 [DEBUG] com.zaxxer.hikari.pool.HikariPool - HikariPool-1 - Fill pool skipped, pool is at sufficient level.
2022-04-09 18:39:07 [DEBUG] com.zaxxer.hikari.pool.HikariPool - HikariPool-1 - Pool stats (total=10, active=0, idle=10, waiting=0)
2022-04-09 18:39:07 [DEBUG] com.zaxxer.hikari.pool.HikariPool - HikariPool-1 - Fill pool skipped, pool is at sufficient level.
2022-04-09 18:39:37 [DEBUG] com.zaxxer.hikari.pool.HikariPool - HikariPool-1 - Pool stats (total=10, active=0, idle=10, waiting=0)
2022-04-09 18:39:37 [DEBUG] com.zaxxer.hikari.pool.HikariPool - HikariPool-1 - Fill pool skipped, pool is at sufficient level.
2022-04-09 18:40:07 [DEBUG] com.zaxxer.hikari.pool.HikariPool - HikariPool-1 - Pool stats (total=10, active=0, idle=10, waiting=0)
2022-04-09 18:40:07 [DEBUG] com.zaxxer.hikari.pool.HikariPool - HikariPool-1 - Fill pool skipped, pool is at sufficient level.
2022-04-09 18:40:37 [DEBUG] com.zaxxer.hikari.pool.HikariPool - HikariPool-1 - Pool stats (total=10, active=0, idle=10, waiting=0)
2022-04-09 18:40:37 [DEBUG] com.zaxxer.hikari.pool.HikariPool - HikariPool-1 - Fill pool skipped, pool is at sufficient level.
2022-04-09 18:41:07 [DEBUG] com.zaxxer.hikari.pool.HikariPool - HikariPool-1 - Pool stats (total=10, active=0, idle=10, waiting=0)
2022-04-09 18:41:07 [DEBUG] com.zaxxer.hikari.pool.HikariPool - HikariPool-1 - Fill pool skipped, pool is at sufficient level.
2022-04-09 18:41:37 [DEBUG] com.zaxxer.hikari.pool.HikariPool - HikariPool-1 - Pool stats (total=10, active=0, idle=10, waiting=0)
2022-04-09 18:41:37 [DEBUG] com.zaxxer.hikari.pool.HikariPool - HikariPool-1 - Fill pool skipped, pool is at sufficient level.
2022-04-09 18:42:07 [DEBUG] com.zaxxer.hikari.pool.HikariPool - HikariPool-1 - Pool stats (total=10, active=0, idle=10, waiting=0)
2022-04-09 18:42:07 [DEBUG] com.zaxxer.hikari.pool.HikariPool - HikariPool-1 - Fill pool skipped, pool is at sufficient level.
2022-04-09 18:42:37 [DEBUG] com.zaxxer.hikari.pool.HikariPool - HikariPool-1 - Pool stats (total=10, active=0, idle=10, waiting=0)
2022-04-09 18:42:37 [DEBUG] com.zaxxer.hikari.pool.HikariPool - HikariPool-1 - Fill pool skipped, pool is at sufficient level.
2022-04-09 18:43:07 [DEBUG] com.zaxxer.hikari.pool.HikariPool - HikariPool-1 - Pool stats (total=10, active=0, idle=10, waiting=0)
2022-04-09 18:43:07 [DEBUG] com.zaxxer.hikari.pool.HikariPool - HikariPool-1 - Fill pool skipped, pool is at sufficient level.
2022-04-09 18:43:37 [DEBUG] com.zaxxer.hikari.pool.HikariPool - HikariPool-1 - Pool stats (total=10, active=0, idle=10, waiting=0)
2022-04-09 18:43:37 [DEBUG] com.zaxxer.hikari.pool.HikariPool - HikariPool-1 - Fill pool skipped, pool is at sufficient level.
2022-04-09 18:44:07 [DEBUG] com.zaxxer.hikari.pool.HikariPool - HikariPool-1 - Pool stats (total=10, active=0, idle=10, waiting=0)
2022-04-09 18:44:07 [DEBUG] com.zaxxer.hikari.pool.HikariPool - HikariPool-1 - Fill pool skipped, pool is at sufficient level.
2022-04-09 18:44:37 [DEBUG] com.zaxxer.hikari.pool.HikariPool - HikariPool-1 - Pool stats (total=10, active=0, idle=10, waiting=0)
2022-04-09 18:44:37 [DEBUG] com.zaxxer.hikari.pool.HikariPool - HikariPool-1 - Fill pool skipped, pool is at sufficient level.
2022-04-09 18:45:07 [DEBUG] com.zaxxer.hikari.pool.HikariPool - HikariPool-1 - Pool stats (total=10, active=0, idle=10, waiting=0)
2022-04-09 18:45:07 [DEBUG] com.zaxxer.hikari.pool.HikariPool - HikariPool-1 - Fill pool skipped, pool is at sufficient level.
2022-04-09 18:45:37 [DEBUG] com.zaxxer.hikari.pool.HikariPool - HikariPool-1 - Pool stats (total=10, active=0, idle=10, waiting=0)
2022-04-09 18:45:37 [DEBUG] com.zaxxer.hikari.pool.HikariPool - HikariPool-1 - Fill pool skipped, pool is at sufficient level.
2022-04-09 18:46:07 [DEBUG] com.zaxxer.hikari.pool.HikariPool - HikariPool-1 - Pool stats (total=10, active=0, idle=10, waiting=0)
2022-04-09 18:46:07 [DEBUG] com.zaxxer.hikari.pool.HikariPool - HikariPool-1 - Fill pool skipped, pool is at sufficient level.
2022-04-09 18:46:37 [DEBUG] com.zaxxer.hikari.pool.HikariPool - HikariPool-1 - Pool stats (total=10, active=0, idle=10, waiting=0)
2022-04-09 18:46:37 [DEBUG] com.zaxxer.hikari.pool.HikariPool - HikariPool-1 - Fill pool skipped, pool is at sufficient level.
2022-04-09 18:47:07 [DEBUG] com.zaxxer.hikari.pool.HikariPool - HikariPool-1 - Pool stats (total=10, active=0, idle=10, waiting=0)
2022-04-09 18:47:07 [DEBUG] com.zaxxer.hikari.pool.HikariPool - HikariPool-1 - Fill pool skipped, pool is at sufficient level.
2022-04-09 18:47:37 [DEBUG] com.zaxxer.hikari.pool.HikariPool - HikariPool-1 - Pool stats (total=10, active=0, idle=10, waiting=0)
2022-04-09 18:47:37 [DEBUG] com.zaxxer.hikari.pool.HikariPool - HikariPool-1 - Fill pool skipped, pool is at sufficient level.
2022-04-09 18:48:07 [DEBUG] com.zaxxer.hikari.pool.HikariPool - HikariPool-1 - Pool stats (total=10, active=0, idle=10, waiting=0)
2022-04-09 18:48:07 [DEBUG] com.zaxxer.hikari.pool.HikariPool - HikariPool-1 - Fill pool skipped, pool is at sufficient level.
2022-04-09 18:48:37 [DEBUG] com.zaxxer.hikari.pool.HikariPool - HikariPool-1 - Pool stats (total=10, active=0, idle=10, waiting=0)
2022-04-09 18:48:37 [DEBUG] com.zaxxer.hikari.pool.HikariPool - HikariPool-1 - Fill pool skipped, pool is at sufficient level.
2022-04-09 18:49:07 [DEBUG] com.zaxxer.hikari.pool.HikariPool - HikariPool-1 - Pool stats (total=10, active=0, idle=10, waiting=0)
2022-04-09 18:49:07 [DEBUG] com.zaxxer.hikari.pool.HikariPool - HikariPool-1 - Fill pool skipped, pool is at sufficient level.
2022-04-09 18:49:37 [DEBUG] com.zaxxer.hikari.pool.HikariPool - HikariPool-1 - Pool stats (total=10, active=0, idle=10, waiting=0)
2022-04-09 18:49:37 [DEBUG] com.zaxxer.hikari.pool.HikariPool - HikariPool-1 - Fill pool skipped, pool is at sufficient level.
2022-04-09 18:50:07 [DEBUG] com.zaxxer.hikari.pool.HikariPool - HikariPool-1 - Pool stats (total=10, active=0, idle=10, waiting=0)
2022-04-09 18:50:07 [DEBUG] com.zaxxer.hikari.pool.HikariPool - HikariPool-1 - Fill pool skipped, pool is at sufficient level.
2022-04-09 18:50:37 [DEBUG] com.zaxxer.hikari.pool.HikariPool - HikariPool-1 - Pool stats (total=10, active=0, idle=10, waiting=0)
2022-04-09 18:50:37 [DEBUG] com.zaxxer.hikari.pool.HikariPool - HikariPool-1 - Fill pool skipped, pool is at sufficient level.
2022-04-09 18:51:07 [DEBUG] com.zaxxer.hikari.pool.HikariPool - HikariPool-1 - Pool stats (total=10, active=0, idle=10, waiting=0)
2022-04-09 18:51:07 [DEBUG] com.zaxxer.hikari.pool.HikariPool - HikariPool-1 - Fill pool skipped, pool is at sufficient level.
2022-04-09 18:51:37 [DEBUG] com.zaxxer.hikari.pool.HikariPool - HikariPool-1 - Pool stats (total=10, active=0, idle=10, waiting=0)
2022-04-09 18:51:37 [DEBUG] com.zaxxer.hikari.pool.HikariPool - HikariPool-1 - Fill pool skipped, pool is at sufficient level.
2022-04-09 18:52:07 [DEBUG] com.zaxxer.hikari.pool.HikariPool - HikariPool-1 - Pool stats (total=10, active=0, idle=10, waiting=0)
2022-04-09 18:52:07 [DEBUG] com.zaxxer.hikari.pool.HikariPool - HikariPool-1 - Fill pool skipped, pool is at sufficient level.
2022-04-09 18:52:37 [DEBUG] com.zaxxer.hikari.pool.HikariPool - HikariPool-1 - Pool stats (total=10, active=0, idle=10, waiting=0)
2022-04-09 18:52:37 [DEBUG] com.zaxxer.hikari.pool.HikariPool - HikariPool-1 - Fill pool skipped, pool is at sufficient level.
2022-04-09 18:53:07 [DEBUG] com.zaxxer.hikari.pool.HikariPool - HikariPool-1 - Pool stats (total=10, active=0, idle=10, waiting=0)
2022-04-09 18:53:07 [DEBUG] com.zaxxer.hikari.pool.HikariPool - HikariPool-1 - Fill pool skipped, pool is at sufficient level.
2022-04-09 18:53:37 [DEBUG] com.zaxxer.hikari.pool.HikariPool - HikariPool-1 - Pool stats (total=10, active=0, idle=10, waiting=0)
2022-04-09 18:53:37 [DEBUG] com.zaxxer.hikari.pool.HikariPool - HikariPool-1 - Fill pool skipped, pool is at sufficient level.
2022-04-09 18:54:07 [DEBUG] com.zaxxer.hikari.pool.HikariPool - HikariPool-1 - Pool stats (total=10, active=0, idle=10, waiting=0)
2022-04-09 18:54:07 [DEBUG] com.zaxxer.hikari.pool.HikariPool - HikariPool-1 - Fill pool skipped, pool is at sufficient level.
2022-04-09 18:54:37 [DEBUG] com.zaxxer.hikari.pool.HikariPool - HikariPool-1 - Pool stats (total=10, active=0, idle=10, waiting=0)
2022-04-09 18:54:37 [DEBUG] com.zaxxer.hikari.pool.HikariPool - HikariPool-1 - Fill pool skipped, pool is at sufficient level.
2022-04-09 18:55:07 [DEBUG] com.zaxxer.hikari.pool.HikariPool - HikariPool-1 - Pool stats (total=10, active=0, idle=10, waiting=0)
2022-04-09 18:55:07 [DEBUG] com.zaxxer.hikari.pool.HikariPool - HikariPool-1 - Fill pool skipped, pool is at sufficient level.
2022-04-09 18:55:37 [DEBUG] com.zaxxer.hikari.pool.HikariPool - HikariPool-1 - Pool stats (total=10, active=0, idle=10, waiting=0)
2022-04-09 18:55:37 [DEBUG] com.zaxxer.hikari.pool.HikariPool - HikariPool-1 - Fill pool skipped, pool is at sufficient level.
2022-04-09 18:56:07 [DEBUG] com.zaxxer.hikari.pool.HikariPool - HikariPool-1 - Pool stats (total=10, active=0, idle=10, waiting=0)
2022-04-09 18:56:07 [DEBUG] com.zaxxer.hikari.pool.HikariPool - HikariPool-1 - Fill pool skipped, pool is at sufficient level.
2022-04-09 18:56:37 [DEBUG] com.zaxxer.hikari.pool.HikariPool - HikariPool-1 - Pool stats (total=10, active=0, idle=10, waiting=0)
2022-04-09 18:56:37 [DEBUG] com.zaxxer.hikari.pool.HikariPool - HikariPool-1 - Fill pool skipped, pool is at sufficient level.
2022-04-09 18:57:07 [DEBUG] com.zaxxer.hikari.pool.HikariPool - HikariPool-1 - Pool stats (total=10, active=0, idle=10, waiting=0)
2022-04-09 18:57:07 [DEBUG] com.zaxxer.hikari.pool.HikariPool - HikariPool-1 - Fill pool skipped, pool is at sufficient level.
2022-04-09 18:57:37 [DEBUG] com.zaxxer.hikari.pool.HikariPool - HikariPool-1 - Pool stats (total=10, active=0, idle=10, waiting=0)
2022-04-09 18:57:37 [DEBUG] com.zaxxer.hikari.pool.HikariPool - HikariPool-1 - Fill pool skipped, pool is at sufficient level.
2022-04-09 18:58:07 [DEBUG] com.zaxxer.hikari.pool.HikariPool - HikariPool-1 - Pool stats (total=10, active=0, idle=10, waiting=0)
2022-04-09 18:58:07 [DEBUG] com.zaxxer.hikari.pool.HikariPool - HikariPool-1 - Fill pool skipped, pool is at sufficient level.
2022-04-09 18:58:17 [DEBUG] com.zaxxer.hikari.pool.PoolBase - HikariPool-1 - Closing connection net.sf.log4jdbc.sql.jdbcapi.ConnectionSpy@459f29b4: (connection has passed maxLifetime)
2022-04-09 18:58:17 [DEBUG] com.zaxxer.hikari.pool.HikariPool - HikariPool-1 - Added connection net.sf.log4jdbc.sql.jdbcapi.ConnectionSpy@440de1e6
2022-04-09 18:58:30 [DEBUG] com.zaxxer.hikari.pool.PoolBase - HikariPool-1 - Closing connection net.sf.log4jdbc.sql.jdbcapi.ConnectionSpy@51828873: (connection has passed maxLifetime)
2022-04-09 18:58:30 [DEBUG] com.zaxxer.hikari.pool.HikariPool - HikariPool-1 - Added connection net.sf.log4jdbc.sql.jdbcapi.ConnectionSpy@2a8b4e9a
2022-04-09 18:58:33 [DEBUG] com.zaxxer.hikari.pool.PoolBase - HikariPool-1 - Closing connection net.sf.log4jdbc.sql.jdbcapi.ConnectionSpy@b44cb14: (connection has passed maxLifetime)
2022-04-09 18:58:33 [DEBUG] com.zaxxer.hikari.pool.HikariPool - HikariPool-1 - Added connection net.sf.log4jdbc.sql.jdbcapi.ConnectionSpy@6bb644a1
2022-04-09 18:58:37 [DEBUG] com.zaxxer.hikari.pool.HikariPool - HikariPool-1 - Pool stats (total=10, active=0, idle=10, waiting=0)
2022-04-09 18:58:37 [DEBUG] com.zaxxer.hikari.pool.HikariPool - HikariPool-1 - Fill pool skipped, pool is at sufficient level.
2022-04-09 18:58:40 [DEBUG] com.zaxxer.hikari.pool.PoolBase - HikariPool-1 - Closing connection net.sf.log4jdbc.sql.jdbcapi.ConnectionSpy@4a79c12f: (connection has passed maxLifetime)
2022-04-09 18:58:40 [DEBUG] com.zaxxer.hikari.pool.HikariPool - HikariPool-1 - Added connection net.sf.log4jdbc.sql.jdbcapi.ConnectionSpy@38252b86
2022-04-09 18:58:43 [DEBUG] com.zaxxer.hikari.pool.PoolBase - HikariPool-1 - Closing connection net.sf.log4jdbc.sql.jdbcapi.ConnectionSpy@4a2238f: (connection has passed maxLifetime)
2022-04-09 18:58:43 [DEBUG] com.zaxxer.hikari.pool.HikariPool - HikariPool-1 - Added connection net.sf.log4jdbc.sql.jdbcapi.ConnectionSpy@791821bd
2022-04-09 18:58:46 [DEBUG] com.zaxxer.hikari.pool.PoolBase - HikariPool-1 - Closing connection net.sf.log4jdbc.sql.jdbcapi.ConnectionSpy@727ab151: (connection has passed maxLifetime)
2022-04-09 18:58:46 [DEBUG] com.zaxxer.hikari.pool.HikariPool - HikariPool-1 - Added connection net.sf.log4jdbc.sql.jdbcapi.ConnectionSpy@482b3f92
2022-04-09 18:58:46 [DEBUG] com.zaxxer.hikari.pool.PoolBase - HikariPool-1 - Closing connection net.sf.log4jdbc.sql.jdbcapi.ConnectionSpy@3347bb6a: (connection has passed maxLifetime)
2022-04-09 18:58:46 [DEBUG] com.zaxxer.hikari.pool.HikariPool - HikariPool-1 - Added connection net.sf.log4jdbc.sql.jdbcapi.ConnectionSpy@1937def2
2022-04-09 18:58:58 [DEBUG] com.zaxxer.hikari.pool.PoolBase - HikariPool-1 - Closing connection net.sf.log4jdbc.sql.jdbcapi.ConnectionSpy@118fada7: (connection has passed maxLifetime)
2022-04-09 18:58:58 [DEBUG] com.zaxxer.hikari.pool.HikariPool - HikariPool-1 - Added connection net.sf.log4jdbc.sql.jdbcapi.ConnectionSpy@7a3eccb9
2022-04-09 18:59:06 [DEBUG] com.zaxxer.hikari.pool.PoolBase - HikariPool-1 - Closing connection net.sf.log4jdbc.sql.jdbcapi.ConnectionSpy@10bf8248: (connection has passed maxLifetime)
2022-04-09 18:59:06 [DEBUG] com.zaxxer.hikari.pool.HikariPool - HikariPool-1 - Added connection net.sf.log4jdbc.sql.jdbcapi.ConnectionSpy@4798dfb3
2022-04-09 18:59:07 [DEBUG] com.zaxxer.hikari.pool.HikariPool - HikariPool-1 - Pool stats (total=10, active=0, idle=10, waiting=0)
2022-04-09 18:59:07 [DEBUG] com.zaxxer.hikari.pool.HikariPool - HikariPool-1 - Fill pool skipped, pool is at sufficient level.
2022-04-09 18:59:28 [DEBUG] com.zaxxer.hikari.pool.PoolBase - HikariPool-1 - Closing connection net.sf.log4jdbc.sql.jdbcapi.ConnectionSpy@3d12716b: (connection has passed maxLifetime)
2022-04-09 18:59:28 [DEBUG] com.zaxxer.hikari.pool.HikariPool - HikariPool-1 - Added connection net.sf.log4jdbc.sql.jdbcapi.ConnectionSpy@3042f758
2022-04-09 18:59:37 [DEBUG] com.zaxxer.hikari.pool.HikariPool - HikariPool-1 - Pool stats (total=10, active=0, idle=10, waiting=0)
2022-04-09 18:59:37 [DEBUG] com.zaxxer.hikari.pool.HikariPool - HikariPool-1 - Fill pool skipped, pool is at sufficient level.
2022-04-09 19:00:07 [DEBUG] com.zaxxer.hikari.pool.HikariPool - HikariPool-1 - Pool stats (total=10, active=0, idle=10, waiting=0)
2022-04-09 19:00:07 [DEBUG] com.zaxxer.hikari.pool.HikariPool - HikariPool-1 - Fill pool skipped, pool is at sufficient level.
2022-04-09 19:00:37 [DEBUG] com.zaxxer.hikari.pool.HikariPool - HikariPool-1 - Pool stats (total=10, active=0, idle=10, waiting=0)
2022-04-09 19:00:37 [DEBUG] com.zaxxer.hikari.pool.HikariPool - HikariPool-1 - Fill pool skipped, pool is at sufficient level.
2022-04-09 19:01:07 [DEBUG] com.zaxxer.hikari.pool.HikariPool - HikariPool-1 - Pool stats (total=10, active=0, idle=10, waiting=0)
2022-04-09 19:01:07 [DEBUG] com.zaxxer.hikari.pool.HikariPool - HikariPool-1 - Fill pool skipped, pool is at sufficient level.
2022-04-09 19:01:37 [DEBUG] com.zaxxer.hikari.pool.HikariPool - HikariPool-1 - Pool stats (total=10, active=0, idle=10, waiting=0)
2022-04-09 19:01:37 [DEBUG] com.zaxxer.hikari.pool.HikariPool - HikariPool-1 - Fill pool skipped, pool is at sufficient level.
2022-04-09 19:02:07 [DEBUG] com.zaxxer.hikari.pool.HikariPool - HikariPool-1 - Pool stats (total=10, active=0, idle=10, waiting=0)
2022-04-09 19:02:07 [DEBUG] com.zaxxer.hikari.pool.HikariPool - HikariPool-1 - Fill pool skipped, pool is at sufficient level.
2022-04-09 19:02:37 [DEBUG] com.zaxxer.hikari.pool.HikariPool - HikariPool-1 - Pool stats (total=10, active=0, idle=10, waiting=0)
2022-04-09 19:02:37 [DEBUG] com.zaxxer.hikari.pool.HikariPool - HikariPool-1 - Fill pool skipped, pool is at sufficient level.
2022-04-09 22:03:04 [WARN ] com.zaxxer.hikari.pool.HikariPool - HikariPool-1 - Thread starvation or clock leap detected (housekeeper delta=3h26s772ms496µs400ns).
2022-04-09 22:03:04 [DEBUG] com.zaxxer.hikari.pool.HikariPool - HikariPool-1 - Pool stats (total=10, active=0, idle=10, waiting=0)
2022-04-09 22:03:04 [DEBUG] com.zaxxer.hikari.pool.HikariPool - HikariPool-1 - Fill pool skipped, pool is at sufficient level.
2022-04-09 22:03:04 [DEBUG] com.zaxxer.hikari.pool.HikariPool - HikariPool-1 - Add connection elided, waiting 0, queue 1
2022-04-09 22:03:04 [DEBUG] com.zaxxer.hikari.pool.HikariPool - HikariPool-1 - Add connection elided, waiting 0, queue 1
2022-04-09 22:03:04 [DEBUG] com.zaxxer.hikari.pool.PoolBase - HikariPool-1 - Closing connection net.sf.log4jdbc.sql.jdbcapi.ConnectionSpy@38252b86: (connection has passed maxLifetime)
2022-04-09 22:03:04 [DEBUG] com.zaxxer.hikari.pool.HikariPool - HikariPool-1 - Add connection elided, waiting 0, queue 1
2022-04-09 22:03:04 [DEBUG] com.zaxxer.hikari.pool.HikariPool - HikariPool-1 - Add connection elided, waiting 0, queue 1
2022-04-09 22:03:04 [DEBUG] com.zaxxer.hikari.pool.HikariPool - HikariPool-1 - Add connection elided, waiting 0, queue 1
2022-04-09 22:03:04 [DEBUG] com.zaxxer.hikari.pool.HikariPool - HikariPool-1 - Add connection elided, waiting 0, queue 1
2022-04-09 22:03:04 [DEBUG] com.zaxxer.hikari.pool.HikariPool - HikariPool-1 - Add connection elided, waiting 0, queue 1
2022-04-09 22:03:04 [DEBUG] com.zaxxer.hikari.pool.HikariPool - HikariPool-1 - Add connection elided, waiting 0, queue 1
2022-04-09 22:03:04 [DEBUG] com.zaxxer.hikari.pool.PoolBase - HikariPool-1 - Closing connection net.sf.log4jdbc.sql.jdbcapi.ConnectionSpy@791821bd: (connection has passed maxLifetime)
2022-04-09 22:03:04 [DEBUG] com.zaxxer.hikari.pool.HikariPool - HikariPool-1 - Fill pool skipped, pool is at sufficient level.
2022-04-09 22:03:04 [DEBUG] com.zaxxer.hikari.pool.PoolBase - HikariPool-1 - Closing connection net.sf.log4jdbc.sql.jdbcapi.ConnectionSpy@440de1e6: (connection has passed maxLifetime)
2022-04-09 22:03:04 [DEBUG] com.zaxxer.hikari.pool.HikariPool - HikariPool-1 - Fill pool skipped, pool is at sufficient level.
2022-04-09 22:03:04 [DEBUG] com.zaxxer.hikari.pool.PoolBase - HikariPool-1 - Closing connection net.sf.log4jdbc.sql.jdbcapi.ConnectionSpy@6bb644a1: (connection has passed maxLifetime)
2022-04-09 22:03:04 [DEBUG] com.zaxxer.hikari.pool.HikariPool - HikariPool-1 - Fill pool skipped, pool is at sufficient level.
2022-04-09 22:03:04 [DEBUG] com.zaxxer.hikari.pool.PoolBase - HikariPool-1 - Closing connection net.sf.log4jdbc.sql.jdbcapi.ConnectionSpy@482b3f92: (connection has passed maxLifetime)
2022-04-09 22:03:04 [DEBUG] com.zaxxer.hikari.pool.HikariPool - HikariPool-1 - Fill pool skipped, pool is at sufficient level.
2022-04-09 22:03:04 [DEBUG] com.zaxxer.hikari.pool.PoolBase - HikariPool-1 - Closing connection net.sf.log4jdbc.sql.jdbcapi.ConnectionSpy@2a8b4e9a: (connection has passed maxLifetime)
2022-04-09 22:03:04 [DEBUG] com.zaxxer.hikari.pool.HikariPool - HikariPool-1 - Fill pool skipped, pool is at sufficient level.
2022-04-09 22:03:04 [DEBUG] com.zaxxer.hikari.pool.PoolBase - HikariPool-1 - Closing connection net.sf.log4jdbc.sql.jdbcapi.ConnectionSpy@1937def2: (connection has passed maxLifetime)
2022-04-09 22:03:04 [DEBUG] com.zaxxer.hikari.pool.HikariPool - HikariPool-1 - Fill pool skipped, pool is at sufficient level.
2022-04-09 22:03:04 [DEBUG] com.zaxxer.hikari.pool.PoolBase - HikariPool-1 - Closing connection net.sf.log4jdbc.sql.jdbcapi.ConnectionSpy@4798dfb3: (connection has passed maxLifetime)
2022-04-09 22:03:04 [DEBUG] com.zaxxer.hikari.pool.HikariPool - HikariPool-1 - Fill pool skipped, pool is at sufficient level.
2022-04-09 22:03:04 [DEBUG] com.zaxxer.hikari.pool.PoolBase - HikariPool-1 - Closing connection net.sf.log4jdbc.sql.jdbcapi.ConnectionSpy@7a3eccb9: (connection has passed maxLifetime)
2022-04-09 22:03:04 [DEBUG] com.zaxxer.hikari.pool.HikariPool - HikariPool-1 - Fill pool skipped, pool is at sufficient level.
2022-04-09 22:03:04 [DEBUG] com.zaxxer.hikari.pool.PoolBase - HikariPool-1 - Closing connection net.sf.log4jdbc.sql.jdbcapi.ConnectionSpy@3042f758: (connection has passed maxLifetime)
2022-04-09 22:03:04 [DEBUG] com.zaxxer.hikari.pool.HikariPool - HikariPool-1 - Fill pool skipped, pool is at sufficient level.
2022-04-09 22:03:04 [DEBUG] com.zaxxer.hikari.pool.HikariPool - HikariPool-1 - Added connection net.sf.log4jdbc.sql.jdbcapi.ConnectionSpy@18fcbc9c
2022-04-09 22:03:04 [DEBUG] com.zaxxer.hikari.pool.HikariPool - HikariPool-1 - Added connection net.sf.log4jdbc.sql.jdbcapi.ConnectionSpy@59c1b6a7
2022-04-09 22:03:04 [DEBUG] com.zaxxer.hikari.pool.HikariPool - HikariPool-1 - Added connection net.sf.log4jdbc.sql.jdbcapi.ConnectionSpy@68d249da
2022-04-09 22:03:04 [DEBUG] com.zaxxer.hikari.pool.HikariPool - HikariPool-1 - Added connection net.sf.log4jdbc.sql.jdbcapi.ConnectionSpy@39ee49e8
2022-04-09 22:03:04 [DEBUG] com.zaxxer.hikari.pool.HikariPool - HikariPool-1 - Added connection net.sf.log4jdbc.sql.jdbcapi.ConnectionSpy@6eeffc44
2022-04-09 22:03:04 [DEBUG] com.zaxxer.hikari.pool.HikariPool - HikariPool-1 - Added connection net.sf.log4jdbc.sql.jdbcapi.ConnectionSpy@3da094b7
2022-04-09 22:03:04 [DEBUG] com.zaxxer.hikari.pool.HikariPool - HikariPool-1 - Added connection net.sf.log4jdbc.sql.jdbcapi.ConnectionSpy@77325013
2022-04-09 22:03:04 [DEBUG] com.zaxxer.hikari.pool.HikariPool - HikariPool-1 - Added connection net.sf.log4jdbc.sql.jdbcapi.ConnectionSpy@6977e9b2
2022-04-09 22:03:04 [DEBUG] com.zaxxer.hikari.pool.HikariPool - HikariPool-1 - Added connection net.sf.log4jdbc.sql.jdbcapi.ConnectionSpy@1e762890
2022-04-09 22:03:04 [DEBUG] com.zaxxer.hikari.pool.HikariPool - HikariPool-1 - Added connection net.sf.log4jdbc.sql.jdbcapi.ConnectionSpy@460e3a63
